[2025-02-25 10:50:13] Produit modifié : Palette de peinture
[2025-02-25 10:50:36] Produit modifié : Palette de peinture
[2025-02-25 10:53:25] Produit modifié : Palette de peinture
[2025-02-25 11:09:44] Produit modifié : Palette de peinture
[2025-02-25 11:18:48] Produit ajouté : Tableau "Coucher de Soleil Mystique"
[2025-02-25 11:21:10] Produit ajouté : Vase en Céramique Vintage
[2025-02-25 11:22:24] Produit modifié : Vase en Céramique Vintage
[2025-02-25 11:24:38] Produit ajouté : Écharpe en Soie Peinte
[2025-02-25 11:28:09] Produit ajouté : Sculptures Miniatures "Nature"
[2025-02-25 11:28:55] Produit modifié : Sculptures Miniatures "Nature"
[2025-02-25 11:31:22] Produit ajouté : Carnet "Inspiration Bohème"
[2025-02-25 11:33:12] Produit ajouté : Collier "Lune Éthérée"
[2025-02-25 11:35:05] Produit ajouté : Tapisserie Murale "Forêt Enchantée"
[2025-02-25 11:42:36] Produit ajouté : Assiette Murale "Éclat Floral"
[2025-02-25 11:44:46] Produit modifié : Palette de peinture
[2025-02-25 11:46:31] Produit modifié : vase
[2025-02-25 11:47:47] Produit modifié : Palette de peinture
[2025-02-25 11:48:11] Produit modifié : vase
[2025-02-25 11:52:45] Produit modifié : Palette de peinture
[2025-02-25 11:52:54] Produit modifié : vase
[2025-02-25 11:53:10] Produit modifié : Vase en Céramique Vintage
[2025-02-25 11:53:24] Produit modifié : Collier "Lune Éthérée"
[2025-02-25 11:54:00] Produit modifié : Tapisserie Murale "Forêt Enchantée"
[2025-02-26 09:33:26] Produit modifié : Carnet "Inspiration Bohème"
[2025-02-28 23:53:33] Produit ajouté : VVVVVVVVVVVVVVVVVV
[2025-03-01 01:49:27] Produit ajouté : VVVVVVVVVVVVVVVVVV
[2025-03-01 01:50:55] Produit supprimé : Tableau "Coucher de Soleil Mystique"
[2025-03-01 01:51:11] Produit supprimé : VVVVVVVVVVVVVVVVVV
[2025-03-01 11:48:17] Produit modifié : Tapisserie Murale "Forêt Enchantée"
